Line 52: Class RemoteUSBServer.lvButtons_H of control lvButtons_H1 was not a loaded control class.
Line 84: Class RemoteUSBServer.lvButtons_H of control lvButtons_H1 was not a loaded control class.
Line 53: The property name Cancel in lvButtons_H1 is invalid.
Line 60: The property name _ExtentX in lvButtons_H1 is invalid.
Line 61: The property name _ExtentY in lvButtons_H1 is invalid.
Line 62: The property name Caption in lvButtons_H1 is invalid.
Line 63: The property name CapAlign in lvButtons_H1 is invalid.
Line 64: The property name BackStyle in lvButtons_H1 is invalid.
Line 74: The property name cFore in lvButtons_H1 is invalid.
Line 75: The property name cFHover in lvButtons_H1 is invalid.
Line 76: The property name LockHover in lvButtons_H1 is invalid.
Line 77: The property name cGradient in lvButtons_H1 is invalid.
Line 78: The property name CapStyle in lvButtons_H1 is invalid.
Line 79: The property name Mode in lvButtons_H1 is invalid.
Line 80: The property name Value in lvButtons_H1 is invalid.
Line 81: The property name Image in lvButtons_H1 is invalid.
Line 82: The property name cBack in lvButtons_H1 is invalid.
Line 85: The property name Default in lvButtons_H1 is invalid.
Line 92: The property name _ExtentX in lvButtons_H1 is invalid.
Line 93: The property name _ExtentY in lvButtons_H1 is invalid.
Line 94: The property name Caption in lvButtons_H1 is invalid.
Line 95: The property name CapAlign in lvButtons_H1 is invalid.
Line 96: The property name BackStyle in lvButtons_H1 is invalid.
Line 106: The property name cFore in lvButtons_H1 is invalid.
Line 107: The property name cFHover in lvButtons_H1 is invalid.
Line 108: The property name LockHover in lvButtons_H1 is invalid.
Line 109: The property name cGradient in lvButtons_H1 is invalid.
Line 110: The property name CapStyle in lvButtons_H1 is invalid.
Line 111: The property name Mode in lvButtons_H1 is invalid.
Line 112: The property name Value in lvButtons_H1 is invalid.
Line 113: The property name Image in lvButtons_H1 is invalid.
Line 114: The property name cBack in lvButtons_H1 is invalid.
