ThunderRT6Main hWnd=&h4C0E54
ThunderRT6Main hWnd=&h4C0E54
ThunderRT6Main hWnd=&h4C0E54
17:34:36 - ActivateApp: Inactive
17:34:46	4C0E54	WM_DEVICECHANGE	7	0
17:34:46	4C0E54	WM_DEVICECHANGE	7	0
17:34:46	4C0E54	WM_DEVICECHANGE	8004	8E200
17:34:46 - DeviceRemoveComplete: 5 - \\?\HID#VID_15D9&PID_0A4C#6&2948a59e&0&0000#{378de44c-56ef-11d1-bc8c-00a0c91405dd}
17:34:46	4C0E54	WM_DEVICECHANGE	8004	8E200
17:34:46 - DeviceRemoveComplete: 5 - \\?\HID#VID_15D9&PID_0A4C#6&2948a59e&0&0000#{4d1e55b2-f16f-11cf-88cb-001111000030}
17:34:46	4C0E54	WM_DEVICECHANGE	8004	8E200
17:34:46 - DeviceRemoveComplete: 5 - \\?\USB#VID_15D9&PID_0A4C#5&171b3ce2&0&2#{a5dcbf10-6530-11d2-901f-00c04fb951ed}
17:34:46	4C0E54	WM_DEVICECHANGE	7	0
17:34:46	4C0E54	WM_DEVICECHANGE	7	0
17:34:46	4C0E54	WM_DEVICECHANGE	8000	8E200
17:34:46 - DeviceArrival: 5 - \\?\USB#VID_15D9&PID_0A4C#5&171b3ce2&0&2#{a5dcbf10-6530-11d2-901f-00c04fb951ed}
17:34:46	4C0E54	WM_DEVICECHANGE	7	0
17:34:46	4C0E54	WM_DEVICECHANGE	7	0
17:34:46	4C0E54	WM_DEVICECHANGE	8000	8E200
17:34:46 - DeviceArrival: 5 - \\?\HID#VID_15D9&PID_0A4C#6&2948a59e&0&0000#{4d1e55b2-f16f-11cf-88cb-001111000030}
17:34:46	4C0E54	WM_DEVICECHANGE	8000	8E200
17:34:46 - DeviceArrival: 5 - \\?\HID#VID_15D9&PID_0A4C#6&2948a59e&0&0000#{378de44c-56ef-11d1-bc8c-00a0c91405dd}
17:34:46	4C0E54	WM_DEVICECHANGE	7	0
17:34:46	4C0E54	WM_DEVICECHANGE	7	0
17:34:47 - ActivateApp: Active
17:34:55 - ActivateApp: Inactive
17:34:56 - ActivateApp: Active
